<?xml version="1.0" encoding="UTF-8"?>
<testsuite name="com.jojoldu.book.springboot.web.IndexControllerTest" tests="1" skipped="0" failures="0" errors="0" timestamp="2023-04-05T12:04:20" hostname="DESKTOP-6D9DPJF" time="0.533">
  <properties/>
  <testcase name="메인페이지_로딩" classname="com.jojoldu.book.springboot.web.IndexControllerTest" time="0.533"/>
  <system-out><![CDATA[2023-04-05 21:04:14.777  INFO 12428 --- [    Test worker] .b.t.c.SpringBootTestContextBootstrapper : Neither @ContextConfiguration nor @ContextHierarchy found for test class [com.jojoldu.book.springboot.web.IndexControllerTest], using SpringBootContextLoader
2023-04-05 21:04:14.780  INFO 12428 --- [    Test worker] o.s.t.c.support.AbstractContextLoader    : Could not detect default resource locations for test class [com.jojoldu.book.springboot.web.IndexControllerTest]: no resource found for suffixes {-context.xml, Context.groovy}.
2023-04-05 21:04:14.780  INFO 12428 --- [    Test worker] t.c.s.AnnotationConfigContextLoaderUtils : Could not detect default configuration classes for test class [com.jojoldu.book.springboot.web.IndexControllerTest]: IndexControllerTest does not declare any static, non-private, non-final, nested classes annotated with @Configuration.
2023-04-05 21:04:14.784  INFO 12428 --- [    Test worker] .b.t.c.SpringBootTestContextBootstrapper : Found @SpringBootConfiguration com.jojoldu.book.springboot.Application for test class com.jojoldu.book.springboot.web.IndexControllerTest
2023-04-05 21:04:14.788  INFO 12428 --- [    Test worker] .b.t.c.SpringBootTestContextBootstrapper : Loaded default TestExecutionListener class names from location [META-INF/spring.factories]: [org.springframework.security.test.context.support.WithSecurityContextTestExecutionListener, org.springframework.security.test.context.support.ReactorContextTestExecutionListener, org.springframework.boot.test.autoconfigure.restdocs.RestDocsTestExecutionListener, org.springframework.boot.test.autoconfigure.web.client.MockRestServiceServerResetTestExecutionListener, org.springframework.boot.test.autoconfigure.web.servlet.MockMvcPrintOnlyOnFailureTestExecutionListener, org.springframework.boot.test.autoconfigure.web.servlet.WebDriverTestExecutionListener, org.springframework.boot.test.mock.mockito.MockitoTestExecutionListener, org.springframework.boot.test.mock.mockito.ResetMocksTestExecutionListener, org.springframework.test.context.web.ServletTestExecutionListener, org.springframework.test.context.support.DirtiesContextBeforeModesTestExecutionListener, org.springframework.test.context.support.DependencyInjectionTestExecutionListener, org.springframework.test.context.support.DirtiesContextTestExecutionListener, org.springframework.test.context.transaction.TransactionalTestExecutionListener, org.springframework.test.context.jdbc.SqlScriptsTestExecutionListener]
2023-04-05 21:04:14.791  INFO 12428 --- [    Test worker] .b.t.c.SpringBootTestContextBootstrapper : Using TestExecutionListeners: [org.springframework.test.context.web.ServletTestExecutionListener@b62758c, org.springframework.test.context.support.DirtiesContextBeforeModesTestExecutionListener@18eba601, org.springframework.boot.test.mock.mockito.MockitoTestExecutionListener@4459269c, org.springframework.boot.test.autoconfigure.SpringBootDependencyInjectionTestExecutionListener@14583c6e, org.springframework.test.context.support.DirtiesContextTestExecutionListener@c0ee57c, org.springframework.test.context.transaction.TransactionalTestExecutionListener@49908152, org.springframework.test.context.jdbc.SqlScriptsTestExecutionListener@4470333a, org.springframework.security.test.context.support.WithSecurityContextTestExecutionListener@111ecc96, org.springframework.security.test.context.support.ReactorContextTestExecutionListener@6ac0fecc, org.springframework.boot.test.autoconfigure.restdocs.RestDocsTestExecutionListener@271778d7, org.springframework.boot.test.autoconfigure.web.client.MockRestServiceServerResetTestExecutionListener@623b76ec, org.springframework.boot.test.autoconfigure.web.servlet.MockMvcPrintOnlyOnFailureTestExecutionListener@5266c41, org.springframework.boot.test.autoconfigure.web.servlet.WebDriverTestExecutionListener@687dd4b7, org.springframework.boot.test.mock.mockito.ResetMocksTestExecutionListener@7430d8af]

  .   ____          _            __ _ _
 /\\ / ___'_ __ _ _(_)_ __  __ _ \ \ \ \
( ( )\___ | '_ | '_| | '_ \/ _` | \ \ \ \
 \\/  ___)| |_)| | | | | || (_| |  ) ) ) )
  '  |____| .__|_| |_|_| |_\__, | / / / /
 =========|_|==============|___/=/_/_/_/
 :: Spring Boot ::        (v2.1.7.RELEASE)

2023-04-05 21:04:14.898  INFO 12428 --- [    Test worker] c.j.b.s.web.IndexControllerTest          : Starting IndexControllerTest on DESKTOP-6D9DPJF with PID 12428 (started by naaye in C:\freelec-springboot2-webservice\freelec-springboot2-webservice)
2023-04-05 21:04:14.905  INFO 12428 --- [    Test worker] c.j.b.s.web.IndexControllerTest          : No active profile set, falling back to default profiles: default
2023-04-05 21:04:15.650  INFO 12428 --- [    Test worker] .s.d.r.c.RepositoryConfigurationDelegate : Bootstrapping Spring Data repositories in DEFAULT mode.
2023-04-05 21:04:15.743  INFO 12428 --- [    Test worker] .s.d.r.c.RepositoryConfigurationDelegate : Finished Spring Data repository scanning in 92ms. Found 2 repository interfaces.
2023-04-05 21:04:16.005  INFO 12428 --- [    Test worker] trationDelegate$BeanPostProcessorChecker : Bean 'org.springframework.transaction.annotation.ProxyTransactionManagementConfiguration' of type [org.springframework.transaction.annotation.ProxyTransactionManagementConfiguration$$EnhancerBySpringCGLIB$$609029f2] is not eligible for getting processed by all BeanPostProcessors (for example: not eligible for auto-proxying)
2023-04-05 21:04:16.645  INFO 12428 --- [    Test worker] o.s.b.w.embedded.tomcat.TomcatWebServer  : Tomcat initialized with port(s): 0 (http)
2023-04-05 21:04:16.713  INFO 12428 --- [    Test worker] o.apache.catalina.core.StandardService   : Starting service [Tomcat]
2023-04-05 21:04:16.713  INFO 12428 --- [    Test worker] org.apache.catalina.core.StandardEngine  : Starting Servlet engine: [Apache Tomcat/9.0.22]
2023-04-05 21:04:17.169  INFO 12428 --- [    Test worker] o.a.c.c.C.[Tomcat].[localhost].[/]       : Initializing Spring embedded WebApplicationContext
2023-04-05 21:04:17.169  INFO 12428 --- [    Test worker] o.s.web.context.ContextLoader            : Root WebApplicationContext: initialization completed in 2258 ms
2023-04-05 21:04:17.709  INFO 12428 --- [    Test worker] com.zaxxer.hikari.HikariDataSource       : HikariPool-2 - Starting...
2023-04-05 21:04:17.711  INFO 12428 --- [    Test worker] com.zaxxer.hikari.HikariDataSource       : HikariPool-2 - Start completed.
2023-04-05 21:04:17.846  INFO 12428 --- [    Test worker] o.hibernate.jpa.internal.util.LogHelper  : HHH000204: Processing PersistenceUnitInfo [
	name: default
	...]
2023-04-05 21:04:17.883  INFO 12428 --- [    Test worker] org.hibernate.dialect.Dialect            : HHH000400: Using dialect: org.hibernate.dialect.MySQL5InnoDBDialect
Hibernate: drop table if exists posts
Hibernate: drop table if exists user
Hibernate: create table posts (id bigint not null auto_increment, created_date datetime, modified_date datetime, author varchar(255), content TEXT not null, title varchar(500) not null, primary key (id)) engine=InnoDB
Hibernate: create table user (id bigint not null auto_increment, email varchar(255) not null, name varchar(255) not null, picture varchar(255), role varchar(255) not null, primary key (id)) engine=InnoDB
2023-04-05 21:04:18.041  INFO 12428 --- [    Test worker] o.h.t.schema.internal.SchemaCreatorImpl  : HHH000476: Executing import script 'org.hibernate.tool.schema.internal.exec.ScriptSourceInputNonExistentImpl@3b98af93'
2023-04-05 21:04:18.041  INFO 12428 --- [    Test worker] j.LocalContainerEntityManagerFactoryBean : Initialized JPA EntityManagerFactory for persistence unit 'default'
2023-04-05 21:04:18.787  INFO 12428 --- [    Test worker] o.h.h.i.QueryTranslatorFactoryInitiator  : HHH000397: Using ASTQueryTranslatorFactory
2023-04-05 21:04:19.202  INFO 12428 --- [    Test worker] o.s.s.web.DefaultSecurityFilterChain     : Creating filter chain: any request, [org.springframework.security.web.context.request.async.WebAsyncManagerIntegrationFilter@2aea9446, org.springframework.security.web.context.SecurityContextPersistenceFilter@18eaad63, org.springframework.security.web.header.HeaderWriterFilter@3686be2f, org.springframework.security.web.authentication.logout.LogoutFilter@62eec10a, org.springframework.security.oauth2.client.web.OAuth2AuthorizationRequestRedirectFilter@67d6155e, org.springframework.security.oauth2.client.web.OAuth2LoginAuthenticationFilter@6fed5e15, org.springframework.security.web.authentication.ui.DefaultLoginPageGeneratingFilter@2f22f038, org.springframework.security.web.authentication.ui.DefaultLogoutPageGeneratingFilter@39898af3, org.springframework.security.web.savedrequest.RequestCacheAwareFilter@1e3b7d43, org.springframework.security.web.servletapi.SecurityContextHolderAwareRequestFilter@1dcfdf6d, org.springframework.security.web.authentication.AnonymousAuthenticationFilter@6ea20479, org.springframework.security.web.session.SessionManagementFilter@a870b1f, org.springframework.security.web.access.ExceptionTranslationFilter@14324cb9, org.springframework.security.web.access.intercept.FilterSecurityInterceptor@5468f303]
2023-04-05 21:04:19.656  INFO 12428 --- [    Test worker] o.s.s.concurrent.ThreadPoolTaskExecutor  : Initializing ExecutorService 'applicationTaskExecutor'
2023-04-05 21:04:19.688  WARN 12428 --- [    Test worker] aWebConfiguration$JpaWebMvcConfiguration : spring.jpa.open-in-view is enabled by default. Therefore, database queries may be performed during view rendering. Explicitly configure spring.jpa.open-in-view to disable this warning
2023-04-05 21:04:19.747  INFO 12428 --- [    Test worker] o.s.b.a.w.s.WelcomePageHandlerMapping    : Adding welcome page template: index
2023-04-05 21:04:20.365  INFO 12428 --- [    Test worker] s.a.ScheduledAnnotationBeanPostProcessor : No TaskScheduler/ScheduledExecutorService bean found for scheduled processing
2023-04-05 21:04:20.405  INFO 12428 --- [    Test worker] o.s.b.w.embedded.tomcat.TomcatWebServer  : Tomcat started on port(s): 50824 (http) with context path ''
2023-04-05 21:04:20.408  INFO 12428 --- [    Test worker] c.j.b.s.web.IndexControllerTest          : Started IndexControllerTest in 5.611 seconds (JVM running for 28.452)
2023-04-05 21:04:20.621  INFO 12428 --- [o-auto-1-exec-1] o.a.c.c.C.[Tomcat].[localhost].[/]       : Initializing Spring DispatcherServlet 'dispatcherServlet'
2023-04-05 21:04:20.621  INFO 12428 --- [o-auto-1-exec-1] o.s.web.servlet.DispatcherServlet        : Initializing Servlet 'dispatcherServlet'
2023-04-05 21:04:20.663  INFO 12428 --- [o-auto-1-exec-1] o.s.web.servlet.DispatcherServlet        : Completed initialization in 42 ms
Hibernate: select posts0_.id as id1_0_, posts0_.created_date as created_2_0_, posts0_.modified_date as modified3_0_, posts0_.author as author4_0_, posts0_.content as content5_0_, posts0_.title as title6_0_ from posts posts0_ order by posts0_.id DESC
]]></system-out>
  <system-err><![CDATA[]]></system-err>
</testsuite>
