<?xml version="1.0" encoding="UTF-8"?>
<testsuite name="com.jojoldu.book.springboot.web.HelloControllerTest" tests="2" skipped="0" failures="0" errors="0" timestamp="2023-04-05T12:04:14" hostname="DESKTOP-6D9DPJF" time="0.437">
  <properties/>
  <testcase name="hello가_리턴된다" classname="com.jojoldu.book.springboot.web.HelloControllerTest" time="0.2"/>
  <testcase name="helloDto가_리턴된다" classname="com.jojoldu.book.springboot.web.HelloControllerTest" time="0.236"/>
  <system-out><![CDATA[2023-04-05 21:04:11.744  INFO 12428 --- [    Test worker] .b.t.a.w.s.WebMvcTestContextBootstrapper : Neither @ContextConfiguration nor @ContextHierarchy found for test class [com.jojoldu.book.springboot.web.HelloControllerTest], using SpringBootContextLoader
2023-04-05 21:04:11.746  INFO 12428 --- [    Test worker] o.s.t.c.support.AbstractContextLoader    : Could not detect default resource locations for test class [com.jojoldu.book.springboot.web.HelloControllerTest]: no resource found for suffixes {-context.xml, Context.groovy}.
2023-04-05 21:04:11.746  INFO 12428 --- [    Test worker] t.c.s.AnnotationConfigContextLoaderUtils : Could not detect default configuration classes for test class [com.jojoldu.book.springboot.web.HelloControllerTest]: HelloControllerTest does not declare any static, non-private, non-final, nested classes annotated with @Configuration.
2023-04-05 21:04:11.811  INFO 12428 --- [    Test worker] .b.t.c.SpringBootTestContextBootstrapper : Found @SpringBootConfiguration com.jojoldu.book.springboot.Application for test class com.jojoldu.book.springboot.web.HelloControllerTest
2023-04-05 21:04:11.812  INFO 12428 --- [    Test worker] .b.t.a.w.s.WebMvcTestContextBootstrapper : Loaded default TestExecutionListener class names from location [META-INF/spring.factories]: [org.springframework.security.test.context.support.WithSecurityContextTestExecutionListener, org.springframework.security.test.context.support.ReactorContextTestExecutionListener, org.springframework.boot.test.autoconfigure.restdocs.RestDocsTestExecutionListener, org.springframework.boot.test.autoconfigure.web.client.MockRestServiceServerResetTestExecutionListener, org.springframework.boot.test.autoconfigure.web.servlet.MockMvcPrintOnlyOnFailureTestExecutionListener, org.springframework.boot.test.autoconfigure.web.servlet.WebDriverTestExecutionListener, org.springframework.boot.test.mock.mockito.MockitoTestExecutionListener, org.springframework.boot.test.mock.mockito.ResetMocksTestExecutionListener, org.springframework.test.context.web.ServletTestExecutionListener, org.springframework.test.context.support.DirtiesContextBeforeModesTestExecutionListener, org.springframework.test.context.support.DependencyInjectionTestExecutionListener, org.springframework.test.context.support.DirtiesContextTestExecutionListener, org.springframework.test.context.transaction.TransactionalTestExecutionListener, org.springframework.test.context.jdbc.SqlScriptsTestExecutionListener]
2023-04-05 21:04:11.817  INFO 12428 --- [    Test worker] .b.t.a.w.s.WebMvcTestContextBootstrapper : Using TestExecutionListeners: [org.springframework.test.context.web.ServletTestExecutionListener@93db131, org.springframework.test.context.support.DirtiesContextBeforeModesTestExecutionListener@7319ff32, org.springframework.boot.test.mock.mockito.MockitoTestExecutionListener@442bc9ee, org.springframework.boot.test.autoconfigure.SpringBootDependencyInjectionTestExecutionListener@e965c24, org.springframework.test.context.support.DirtiesContextTestExecutionListener@6ac6d0fe, org.springframework.test.context.transaction.TransactionalTestExecutionListener@569a42fb, org.springframework.test.context.jdbc.SqlScriptsTestExecutionListener@4ce4957f, org.springframework.security.test.context.support.WithSecurityContextTestExecutionListener@702f97bb, org.springframework.security.test.context.support.ReactorContextTestExecutionListener@2cb2e860, org.springframework.boot.test.autoconfigure.restdocs.RestDocsTestExecutionListener@28bbfa97, org.springframework.boot.test.autoconfigure.web.client.MockRestServiceServerResetTestExecutionListener@409ccd92, org.springframework.boot.test.autoconfigure.web.servlet.MockMvcPrintOnlyOnFailureTestExecutionListener@4c820875, org.springframework.boot.test.autoconfigure.web.servlet.WebDriverTestExecutionListener@77c8186d, org.springframework.boot.test.mock.mockito.ResetMocksTestExecutionListener@d02b41]

  .   ____          _            __ _ _
 /\\ / ___'_ __ _ _(_)_ __  __ _ \ \ \ \
( ( )\___ | '_ | '_| | '_ \/ _` | \ \ \ \
 \\/  ___)| |_)| | | | | || (_| |  ) ) ) )
  '  |____| .__|_| |_|_| |_\__, | / / / /
 =========|_|==============|___/=/_/_/_/
 :: Spring Boot ::        (v2.1.7.RELEASE)

2023-04-05 21:04:11.930  INFO 12428 --- [    Test worker] c.j.b.s.web.HelloControllerTest          : Starting HelloControllerTest on DESKTOP-6D9DPJF with PID 12428 (started by naaye in C:\freelec-springboot2-webservice\freelec-springboot2-webservice)
2023-04-05 21:04:11.932  INFO 12428 --- [    Test worker] c.j.b.s.web.HelloControllerTest          : No active profile set, falling back to default profiles: default
2023-04-05 21:04:13.129  INFO 12428 --- [    Test worker] o.s.s.concurrent.ThreadPoolTaskExecutor  : Initializing ExecutorService 'applicationTaskExecutor'
2023-04-05 21:04:13.206  INFO 12428 --- [    Test worker] o.s.b.a.w.s.WelcomePageHandlerMapping    : Adding welcome page template: index
2023-04-05 21:04:13.731  INFO 12428 --- [    Test worker] .s.s.UserDetailsServiceAutoConfiguration : 

Using generated security password: 370b59ab-236d-4a3a-bd05-f1aa51ba3d9a

2023-04-05 21:04:14.121  INFO 12428 --- [    Test worker] o.s.s.web.DefaultSecurityFilterChain     : Creating filter chain: any request, [org.springframework.security.web.context.request.async.WebAsyncManagerIntegrationFilter@500f5fc7, org.springframework.security.web.context.SecurityContextPersistenceFilter@5b33ac63, org.springframework.security.web.header.HeaderWriterFilter@552599e2, org.springframework.security.web.csrf.CsrfFilter@3e1987e0, org.springframework.security.web.authentication.logout.LogoutFilter@69e07b8a, org.springframework.security.web.authentication.UsernamePasswordAuthenticationFilter@405f6d06, org.springframework.security.web.authentication.ui.DefaultLoginPageGeneratingFilter@5499b0de, org.springframework.security.web.authentication.ui.DefaultLogoutPageGeneratingFilter@11785237, org.springframework.security.web.authentication.www.BasicAuthenticationFilter@5b18405d, org.springframework.security.web.savedrequest.RequestCacheAwareFilter@344869c, org.springframework.security.web.servletapi.SecurityContextHolderAwareRequestFilter@7ad7f59f, org.springframework.security.web.authentication.AnonymousAuthenticationFilter@87bf2ed, org.springframework.security.web.session.SessionManagementFilter@27f13221, org.springframework.security.web.access.ExceptionTranslationFilter@211f3617, org.springframework.security.web.access.intercept.FilterSecurityInterceptor@5dac8b12]
2023-04-05 21:04:14.216  INFO 12428 --- [    Test worker] o.s.b.t.m.w.SpringBootMockServletContext : Initializing Spring TestDispatcherServlet ''
2023-04-05 21:04:14.217  INFO 12428 --- [    Test worker] o.s.t.web.servlet.TestDispatcherServlet  : Initializing Servlet ''
2023-04-05 21:04:14.248  INFO 12428 --- [    Test worker] o.s.t.web.servlet.TestDispatcherServlet  : Completed initialization in 31 ms
2023-04-05 21:04:14.327  INFO 12428 --- [    Test worker] c.j.b.s.web.HelloControllerTest          : Started HelloControllerTest in 2.505 seconds (JVM running for 22.37)
]]></system-out>
  <system-err><![CDATA[]]></system-err>
</testsuite>
