<?xml version="1.0" encoding="UTF-8"?>
<testsuite name="com.jojoldu.book.springboot.web.IndexControllerTest" tests="1" skipped="0" failures="0" errors="0" timestamp="2023-04-05T08:54:21" hostname="DESKTOP-6D9DPJF" time="0.291">
  <properties/>
  <testcase name="메인페이지_로딩" classname="com.jojoldu.book.springboot.web.IndexControllerTest" time="0.291"/>
  <system-out><![CDATA[2023-04-05 17:54:17.581  INFO 25728 --- [    Test worker] .b.t.c.SpringBootTestContextBootstrapper : Neither @ContextConfiguration nor @ContextHierarchy found for test class [com.jojoldu.book.springboot.web.IndexControllerTest], using SpringBootContextLoader
2023-04-05 17:54:17.583  INFO 25728 --- [    Test worker] o.s.t.c.support.AbstractContextLoader    : Could not detect default resource locations for test class [com.jojoldu.book.springboot.web.IndexControllerTest]: no resource found for suffixes {-context.xml, Context.groovy}.
2023-04-05 17:54:17.583  INFO 25728 --- [    Test worker] t.c.s.AnnotationConfigContextLoaderUtils : Could not detect default configuration classes for test class [com.jojoldu.book.springboot.web.IndexControllerTest]: IndexControllerTest does not declare any static, non-private, non-final, nested classes annotated with @Configuration.
2023-04-05 17:54:17.585  INFO 25728 --- [    Test worker] .b.t.c.SpringBootTestContextBootstrapper : Found @SpringBootConfiguration com.jojoldu.book.springboot.Application for test class com.jojoldu.book.springboot.web.IndexControllerTest
2023-04-05 17:54:17.587  INFO 25728 --- [    Test worker] .b.t.c.SpringBootTestContextBootstrapper : Loaded default TestExecutionListener class names from location [META-INF/spring.factories]: [org.springframework.security.test.context.support.WithSecurityContextTestExecutionListener, org.springframework.security.test.context.support.ReactorContextTestExecutionListener, org.springframework.boot.test.autoconfigure.restdocs.RestDocsTestExecutionListener, org.springframework.boot.test.autoconfigure.web.client.MockRestServiceServerResetTestExecutionListener, org.springframework.boot.test.autoconfigure.web.servlet.MockMvcPrintOnlyOnFailureTestExecutionListener, org.springframework.boot.test.autoconfigure.web.servlet.WebDriverTestExecutionListener, org.springframework.boot.test.mock.mockito.MockitoTestExecutionListener, org.springframework.boot.test.mock.mockito.ResetMocksTestExecutionListener, org.springframework.test.context.web.ServletTestExecutionListener, org.springframework.test.context.support.DirtiesContextBeforeModesTestExecutionListener, org.springframework.test.context.support.DependencyInjectionTestExecutionListener, org.springframework.test.context.support.DirtiesContextTestExecutionListener, org.springframework.test.context.transaction.TransactionalTestExecutionListener, org.springframework.test.context.jdbc.SqlScriptsTestExecutionListener]
2023-04-05 17:54:17.588  INFO 25728 --- [    Test worker] .b.t.c.SpringBootTestContextBootstrapper : Using TestExecutionListeners: [org.springframework.test.context.web.ServletTestExecutionListener@48fd742b, org.springframework.test.context.support.DirtiesContextBeforeModesTestExecutionListener@614ac698, org.springframework.boot.test.mock.mockito.MockitoTestExecutionListener@69285ba4, org.springframework.boot.test.autoconfigure.SpringBootDependencyInjectionTestExecutionListener@4271a240, org.springframework.test.context.support.DirtiesContextTestExecutionListener@610eca09, org.springframework.test.context.transaction.TransactionalTestExecutionListener@56c7aeb6, org.springframework.test.context.jdbc.SqlScriptsTestExecutionListener@7d992ab1, org.springframework.security.test.context.support.WithSecurityContextTestExecutionListener@32b5f4e0, org.springframework.security.test.context.support.ReactorContextTestExecutionListener@257c3e3d, org.springframework.boot.test.autoconfigure.restdocs.RestDocsTestExecutionListener@4ea5963a, org.springframework.boot.test.autoconfigure.web.client.MockRestServiceServerResetTestExecutionListener@7a5df1fd, org.springframework.boot.test.autoconfigure.web.servlet.MockMvcPrintOnlyOnFailureTestExecutionListener@675218a2, org.springframework.boot.test.autoconfigure.web.servlet.WebDriverTestExecutionListener@231b4fa3, org.springframework.boot.test.mock.mockito.ResetMocksTestExecutionListener@416d09bc]

  .   ____          _            __ _ _
 /\\ / ___'_ __ _ _(_)_ __  __ _ \ \ \ \
( ( )\___ | '_ | '_| | '_ \/ _` | \ \ \ \
 \\/  ___)| |_)| | | | | || (_| |  ) ) ) )
  '  |____| .__|_| |_|_| |_\__, | / / / /
 =========|_|==============|___/=/_/_/_/
 :: Spring Boot ::        (v2.1.7.RELEASE)

2023-04-05 17:54:17.637  INFO 25728 --- [    Test worker] c.j.b.s.web.IndexControllerTest          : Starting IndexControllerTest on DESKTOP-6D9DPJF with PID 25728 (started by naaye in C:\freelec-springboot2-webservice\freelec-springboot2-webservice)
2023-04-05 17:54:17.637  INFO 25728 --- [    Test worker] c.j.b.s.web.IndexControllerTest          : No active profile set, falling back to default profiles: default
2023-04-05 17:54:18.048  INFO 25728 --- [    Test worker] .s.d.r.c.RepositoryConfigurationDelegate : Bootstrapping Spring Data repositories in DEFAULT mode.
2023-04-05 17:54:18.097  INFO 25728 --- [    Test worker] .s.d.r.c.RepositoryConfigurationDelegate : Finished Spring Data repository scanning in 49ms. Found 2 repository interfaces.
2023-04-05 17:54:18.233  INFO 25728 --- [    Test worker] trationDelegate$BeanPostProcessorChecker : Bean 'org.springframework.transaction.annotation.ProxyTransactionManagementConfiguration' of type [org.springframework.transaction.annotation.ProxyTransactionManagementConfiguration$$EnhancerBySpringCGLIB$$b05ce4c6] is not eligible for getting processed by all BeanPostProcessors (for example: not eligible for auto-proxying)
2023-04-05 17:54:18.658  INFO 25728 --- [    Test worker] o.s.b.w.embedded.tomcat.TomcatWebServer  : Tomcat initialized with port(s): 0 (http)
2023-04-05 17:54:18.701  INFO 25728 --- [    Test worker] o.apache.catalina.core.StandardService   : Starting service [Tomcat]
2023-04-05 17:54:18.701  INFO 25728 --- [    Test worker] org.apache.catalina.core.StandardEngine  : Starting Servlet engine: [Apache Tomcat/9.0.22]
2023-04-05 17:54:18.996  INFO 25728 --- [    Test worker] o.a.c.c.C.[Tomcat].[localhost].[/]       : Initializing Spring embedded WebApplicationContext
2023-04-05 17:54:18.997  INFO 25728 --- [    Test worker] o.s.web.context.ContextLoader            : Root WebApplicationContext: initialization completed in 1356 ms
2023-04-05 17:54:19.309  INFO 25728 --- [    Test worker] com.zaxxer.hikari.HikariDataSource       : HikariPool-2 - Starting...
2023-04-05 17:54:19.310  INFO 25728 --- [    Test worker] com.zaxxer.hikari.HikariDataSource       : HikariPool-2 - Start completed.
2023-04-05 17:54:19.381  INFO 25728 --- [    Test worker] o.hibernate.jpa.internal.util.LogHelper  : HHH000204: Processing PersistenceUnitInfo [
	name: default
	...]
2023-04-05 17:54:19.402  INFO 25728 --- [    Test worker] org.hibernate.dialect.Dialect            : HHH000400: Using dialect: org.hibernate.dialect.MySQL5InnoDBDialect
Hibernate: drop table if exists posts
Hibernate: drop table if exists user
Hibernate: create table posts (id bigint not null auto_increment, created_date datetime, modified_date datetime, author varchar(255), content TEXT not null, title varchar(500) not null, primary key (id)) engine=InnoDB
Hibernate: create table user (id bigint not null auto_increment, email varchar(255) not null, name varchar(255) not null, picture varchar(255), role varchar(255) not null, primary key (id)) engine=InnoDB
2023-04-05 17:54:19.494  INFO 25728 --- [    Test worker] o.h.t.schema.internal.SchemaCreatorImpl  : HHH000476: Executing import script 'org.hibernate.tool.schema.internal.exec.ScriptSourceInputNonExistentImpl@e75621c'
2023-04-05 17:54:19.495  INFO 25728 --- [    Test worker] j.LocalContainerEntityManagerFactoryBean : Initialized JPA EntityManagerFactory for persistence unit 'default'
2023-04-05 17:54:20.005  INFO 25728 --- [    Test worker] o.h.h.i.QueryTranslatorFactoryInitiator  : HHH000397: Using ASTQueryTranslatorFactory
2023-04-05 17:54:20.260  INFO 25728 --- [    Test worker] o.s.s.web.DefaultSecurityFilterChain     : Creating filter chain: any request, [org.springframework.security.web.context.request.async.WebAsyncManagerIntegrationFilter@4952f144, org.springframework.security.web.context.SecurityContextPersistenceFilter@4485cda3, org.springframework.security.web.header.HeaderWriterFilter@580d9e38, org.springframework.security.web.authentication.logout.LogoutFilter@4afe9aee, org.springframework.security.oauth2.client.web.OAuth2AuthorizationRequestRedirectFilter@3b808edd, org.springframework.security.oauth2.client.web.OAuth2LoginAuthenticationFilter@47d710, org.springframework.security.web.authentication.ui.DefaultLoginPageGeneratingFilter@20fcb387, org.springframework.security.web.authentication.ui.DefaultLogoutPageGeneratingFilter@60797d8, org.springframework.security.web.savedrequest.RequestCacheAwareFilter@5e18fce9, org.springframework.security.web.servletapi.SecurityContextHolderAwareRequestFilter@6ad0454c, org.springframework.security.web.authentication.AnonymousAuthenticationFilter@394e07a3, org.springframework.security.web.session.SessionManagementFilter@390e6d1c, org.springframework.security.web.access.ExceptionTranslationFilter@3af40e74, org.springframework.security.web.access.intercept.FilterSecurityInterceptor@6c746dc3]
2023-04-05 17:54:20.537  INFO 25728 --- [    Test worker] o.s.s.concurrent.ThreadPoolTaskExecutor  : Initializing ExecutorService 'applicationTaskExecutor'
2023-04-05 17:54:20.555  WARN 25728 --- [    Test worker] aWebConfiguration$JpaWebMvcConfiguration : spring.jpa.open-in-view is enabled by default. Therefore, database queries may be performed during view rendering. Explicitly configure spring.jpa.open-in-view to disable this warning
2023-04-05 17:54:20.590  INFO 25728 --- [    Test worker] o.s.b.a.w.s.WelcomePageHandlerMapping    : Adding welcome page template: index
2023-04-05 17:54:21.018  INFO 25728 --- [    Test worker] s.a.ScheduledAnnotationBeanPostProcessor : No TaskScheduler/ScheduledExecutorService bean found for scheduled processing
2023-04-05 17:54:21.047  INFO 25728 --- [    Test worker] o.s.b.w.embedded.tomcat.TomcatWebServer  : Tomcat started on port(s): 56977 (http) with context path ''
2023-04-05 17:54:21.048  INFO 25728 --- [    Test worker] c.j.b.s.web.IndexControllerTest          : Started IndexControllerTest in 3.458 seconds (JVM running for 18.056)
2023-04-05 17:54:21.188  INFO 25728 --- [o-auto-1-exec-1] o.a.c.c.C.[Tomcat].[localhost].[/]       : Initializing Spring DispatcherServlet 'dispatcherServlet'
2023-04-05 17:54:21.188  INFO 25728 --- [o-auto-1-exec-1] o.s.web.servlet.DispatcherServlet        : Initializing Servlet 'dispatcherServlet'
2023-04-05 17:54:21.226  INFO 25728 --- [o-auto-1-exec-1] o.s.web.servlet.DispatcherServlet        : Completed initialization in 38 ms
Hibernate: select posts0_.id as id1_0_, posts0_.created_date as created_2_0_, posts0_.modified_date as modified3_0_, posts0_.author as author4_0_, posts0_.content as content5_0_, posts0_.title as title6_0_ from posts posts0_ order by posts0_.id DESC
]]></system-out>
  <system-err><![CDATA[]]></system-err>
</testsuite>
